<?xml version="1.0" encoding="UTF-8"?>
<!-- Generated by org.testng.reporters.JUnitXMLReporter -->
<testsuite hostname="Kanna" ignored="0" name="Test" tests="4" failures="1" timestamp="2022-06-09T05:51:20 IST" time="0.124" errors="0">
  <testcase name="password" time="0.023" classname="com.testing.Iretry_Task"/>
  <testcase name="username" time="0.004" classname="com.testing.Iretry_Task">
    <skipped/>
  </testcase> <!-- username -->
  <testcase name="username" time="0.002" classname="com.testing.Iretry_Task">
    <skipped/>
  </testcase> <!-- username -->
  <testcase name="username" time="0.007" classname="com.testing.Iretry_Task">
    <failure type="java.lang.AssertionError" message="expected [santhosh] but found [kanna]">
      <![CDATA[java.lang.AssertionError: expected [santhosh] but found [kanna]
at com.testing.Iretry_Task.username(Iretry_Task.java:13)
at java.util.ArrayList.forEach(Unknown Source)
... Removed 33 stack frames]]>
    </failure>
  </testcase> <!-- username -->
</testsuite> <!-- Test -->
